<?xml version="1.0" encoding="UTF-8"?>
<!-- Generated by org.testng.reporters.JUnitReportReporter -->
<testsuite hostname="DESKTOP-IHTVDRQ" failures="0" tests="3" name="testscripts.SubCategoryTest" time="27.300" errors="0" timestamp="2025-02-21T11:01:25 IST" skipped="0">
  <testcase classname="testscripts.SubCategoryTest" name="verifySearchSubCategory" time="8.624"/>
  <testcase classname="testscripts.SubCategoryTest" name="verifySubCategoryIsDeleted" time="9.931"/>
  <testcase classname="testscripts.SubCategoryTest" name="verifyAddNewSubcategorywithValidDetails" time="8.745"/>
</testsuite> <!-- testscripts.SubCategoryTest -->
