<?xml version="1.0" encoding="UTF-8"?>
<!-- Generated by org.testng.reporters.JUnitReportReporter -->
<testsuite hostname="DESKTOP-IHTVDRQ" failures="0" tests="3" name="testscripts.AdminUserTest" time="23.969" errors="0" timestamp="2025-02-20T14:00:24 IST" skipped="0">
  <testcase classname="testscripts.AdminUserTest" name="verifyUserCanChangeStatusOfAdminDetails" time="8.262"/>
  <testcase classname="testscripts.AdminUserTest" name="verifyUserCanSearchAdminUserInfo" time="7.929"/>
  <testcase classname="testscripts.AdminUserTest" name="verifyUserCanAddNewAdminDetails" time="7.778"/>
</testsuite> <!-- testscripts.AdminUserTest -->
