<?xml version="1.0" encoding="UTF-8"?>
<!-- Generated by org.testng.reporters.JUnitReportReporter -->
<testsuite hostname="DESKTOP-IHTVDRQ" failures="0" tests="2" name="testscripts.ManageNewsTest" time="18.702" errors="0" timestamp="2025-02-19T00:00:40 IST" skipped="0">
  <testcase classname="testscripts.ManageNewsTest" name="verifyAdminUserCanAddNews" time="9.084"/>
  <testcase classname="testscripts.ManageNewsTest" name="verifyAdminUserCanManageAndEditNews" time="9.618"/>
</testsuite> <!-- testscripts.ManageNewsTest -->
