<?xml version="1.0" encoding="UTF-8"?>
<!-- Generated by org.testng.reporters.JUnitReportReporter -->
<testsuite hostname="DESKTOP-IHTVDRQ" failures="0" tests="1" name="testscripts.ManageFooterTextTest" time="9.032" errors="0" timestamp="2025-02-23T15:21:32 IST" skipped="0">
  <testcase classname="testscripts.ManageFooterTextTest" name="verifyUserCanUpdateAdminFooterDetails" time="9.032"/>
</testsuite> <!-- testscripts.ManageFooterTextTest -->
