<?xml version="1.0" encoding="UTF-8"?>
<!-- Generated by org.testng.reporters.JUnitReportReporter -->
<testsuite hostname="DESKTOP-IHTVDRQ" failures="0" tests="1" name="testscripts.LoginTest" time="10.546" errors="0" timestamp="2025-02-19T10:27:44 IST" skipped="0">
  <testcase classname="testscripts.LoginTest" name="verifyUserLoginWithValidCredentials" time="10.546"/>
</testsuite> <!-- testscripts.LoginTest -->
