<?xml version="1.0" encoding="UTF-8"?>
<!-- Generated by org.testng.reporters.JUnitReportReporter -->
<testsuite hostname="DESKTOP-IHTVDRQ" failures="0" tests="1" name="testscripts.ManageContactTest" time="66.424" errors="0" timestamp="2025-02-26T15:07:09 IST" skipped="0">
  <testcase classname="testscripts.ManageContactTest" name="verifyUserCanUpdateContactDetails" time="66.424"/>
</testsuite> <!-- testscripts.ManageContactTest -->
