<?xml version="1.0" encoding="UTF-8"?>
<!-- Generated by org.testng.reporters.JUnitReportReporter -->
<testsuite hostname="DESKTOP-IHTVDRQ" failures="0" tests="2" name="testscripts.ManageNewsTest" time="14.612" errors="0" timestamp="2025-02-21T11:01:25 IST" skipped="0">
  <testcase classname="testscripts.ManageNewsTest" name="verifyAdminUserCanManageAndEditNews" time="7.352"/>
  <testcase classname="testscripts.ManageNewsTest" name="verifyAdminUserCanAddNews" time="7.260"/>
</testsuite> <!-- testscripts.ManageNewsTest -->
