<?xml version="1.0" encoding="UTF-8"?>
<!-- Generated by org.testng.reporters.JUnitReportReporter -->
<testsuite hostname="DESKTOP-IHTVDRQ" failures="0" tests="1" name="testscripts.ManageContactTest" time="14.438" errors="0" timestamp="2025-02-18T23:46:56 IST" skipped="0">
  <testcase classname="testscripts.ManageContactTest" name="verifyUserCanUpdateContactDetails" time="14.438"/>
</testsuite> <!-- testscripts.ManageContactTest -->
