<?xml version="1.0" encoding="UTF-8"?>
<!-- Generated by org.testng.reporters.JUnitReportReporter -->
<testsuite hostname="DESKTOP-IHTVDRQ" failures="0" tests="2" name="testscripts.ManageNewsTest" time="13.817" errors="0" timestamp="2025-02-23T15:21:32 IST" skipped="0">
  <testcase classname="testscripts.ManageNewsTest" name="verifyAdminUserCanManageAndEditNews" time="6.817"/>
  <testcase classname="testscripts.ManageNewsTest" name="verifyAdminUserCanAddNews" time="7.000"/>
</testsuite> <!-- testscripts.ManageNewsTest -->
