<?xml version="1.0" encoding="UTF-8"?>
<!-- Generated by org.testng.reporters.JUnitReportReporter -->
<testsuite hostname="DESKTOP-IHTVDRQ" failures="0" tests="3" name="testscripts.AdminUserTest" time="30.306" errors="0" timestamp="2025-02-19T10:27:44 IST" skipped="0">
  <testcase classname="testscripts.AdminUserTest" name="VerifyUserCanSearchAdminUserInfo" time="9.435"/>
  <testcase classname="testscripts.AdminUserTest" name="VerifyUserCanChangeStatusOfAdminDetails" time="10.352"/>
  <testcase classname="testscripts.AdminUserTest" name="verifyUserCanAddNewAdminDetails" time="10.519"/>
</testsuite> <!-- testscripts.AdminUserTest -->
