<?xml version="1.0" encoding="UTF-8"?>
<!-- Generated by org.testng.reporters.JUnitReportReporter -->
<testsuite hostname="DESKTOP-IHTVDRQ" failures="0" tests="3" name="testscripts.AdminUserTest" time="21.253" errors="0" timestamp="2025-02-23T15:21:32 IST" skipped="0">
  <testcase classname="testscripts.AdminUserTest" name="verifyUserCanChangeStatusOfAdminDetails" time="7.282"/>
  <testcase classname="testscripts.AdminUserTest" name="verifyUserCanSearchAdminUserInfo" time="6.962"/>
  <testcase classname="testscripts.AdminUserTest" name="verifyUserCanAddNewAdminDetails" time="7.009"/>
</testsuite> <!-- testscripts.AdminUserTest -->
