<?xml version="1.0" encoding="UTF-8"?>
<!-- Generated by org.testng.reporters.JUnitReportReporter -->
<testsuite hostname="DESKTOP-IHTVDRQ" failures="0" tests="1" name="testscripts.ManageFooterTextTest" time="10.306" errors="0" timestamp="2025-02-20T14:00:24 IST" skipped="0">
  <testcase classname="testscripts.ManageFooterTextTest" name="verifyUserCanUpdateAdminFooterDetails" time="10.306"/>
</testsuite> <!-- testscripts.ManageFooterTextTest -->
