<?xml version="1.0" encoding="UTF-8"?>
<!-- Generated by org.testng.reporters.JUnitReportReporter -->
<testsuite hostname="DESKTOP-IHTVDRQ" failures="0" tests="3" name="testscripts.AdminUserTest" time="21.813" errors="0" timestamp="2025-02-21T11:01:25 IST" skipped="0">
  <testcase classname="testscripts.AdminUserTest" name="verifyUserCanChangeStatusOfAdminDetails" time="6.793"/>
  <testcase classname="testscripts.AdminUserTest" name="verifyUserCanSearchAdminUserInfo" time="7.367"/>
  <testcase classname="testscripts.AdminUserTest" name="verifyUserCanAddNewAdminDetails" time="7.653"/>
</testsuite> <!-- testscripts.AdminUserTest -->
