<?xml version="1.0" encoding="UTF-8"?>
<!-- Generated by org.testng.reporters.JUnitReportReporter -->
<testsuite hostname="DESKTOP-IHTVDRQ" failures="0" tests="1" name="testscripts.LoginTest" time="11.346" errors="0" timestamp="2025-02-23T11:28:11 IST" skipped="0">
  <testcase classname="testscripts.LoginTest" name="verifyUserLoginWithValidCredentials" time="11.346"/>
</testsuite> <!-- testscripts.LoginTest -->
