<?xml version="1.0" encoding="UTF-8"?>
<!-- Generated by org.testng.reporters.JUnitReportReporter -->
<testsuite hostname="DESKTOP-IHTVDRQ" failures="0" tests="3" name="testscripts.SubCategoryTest" time="25.994" errors="0" timestamp="2025-02-23T11:28:11 IST" skipped="0">
  <testcase classname="testscripts.SubCategoryTest" name="verifySearchSubCategory" time="8.040"/>
  <testcase classname="testscripts.SubCategoryTest" name="verifySubCategoryIsDeleted" time="9.459"/>
  <testcase classname="testscripts.SubCategoryTest" name="verifyAddNewSubcategorywithValidDetails" time="8.495"/>
</testsuite> <!-- testscripts.SubCategoryTest -->
