<?xml version="1.0" encoding="UTF-8"?>
<!-- Generated by org.testng.reporters.JUnitReportReporter -->
<testsuite hostname="DESKTOP-IHTVDRQ" failures="0" tests="3" name="testscripts.CategoryTest" time="31.611" errors="0" timestamp="2025-02-18T23:48:48 IST" skipped="0">
  <testcase classname="testscripts.CategoryTest" name="verifyCategoryIsDeleted" time="11.119"/>
  <testcase classname="testscripts.CategoryTest" name="verifyUserCanAddNewCategory" time="9.615"/>
  <testcase classname="testscripts.CategoryTest" name="validateUserCanChangeActiveCategoryStatus" time="10.877"/>
</testsuite> <!-- testscripts.CategoryTest -->
