<?xml version="1.0" encoding="UTF-8"?>
<!-- Generated by org.testng.reporters.JUnitReportReporter -->
<testsuite hostname="DESKTOP-IHTVDRQ" failures="0" tests="3" name="testscripts.SubCategoryTest" time="27.361" errors="0" timestamp="2025-02-23T15:21:32 IST" skipped="0">
  <testcase classname="testscripts.SubCategoryTest" name="verifySearchSubCategory" time="8.071"/>
  <testcase classname="testscripts.SubCategoryTest" name="verifySubCategoryIsDeleted" time="9.993"/>
  <testcase classname="testscripts.SubCategoryTest" name="verifyAddNewSubcategorywithValidDetails" time="9.297"/>
</testsuite> <!-- testscripts.SubCategoryTest -->
