<?xml version="1.0" encoding="UTF-8"?>
<!-- Generated by org.testng.reporters.JUnitReportReporter -->
<testsuite hostname="DESKTOP-IHTVDRQ" failures="0" tests="1" name="testscripts.LoginTest$BaseClass" time="15.087" errors="0" timestamp="2025-02-04T16:44:24 IST" skipped="0">
  <testcase classname="testscripts.LoginTest$BaseClass" name="initialisebrowser" time="15.087"/>
</testsuite> <!-- testscripts.LoginTest$BaseClass -->
