<?xml version="1.0" encoding="UTF-8"?>
<!-- Generated by org.testng.reporters.JUnitReportReporter -->
<testsuite hostname="DESKTOP-IHTVDRQ" failures="0" tests="1" name="testscripts.AdminUser_ManageFooterTextTest" time="9.142" errors="0" timestamp="2025-02-15T16:45:49 IST" skipped="0">
  <testcase classname="testscripts.AdminUser_ManageFooterTextTest" name="verifyUserCanUpdateAdminFooterDetails" time="9.142"/>
</testsuite> <!-- testscripts.AdminUser_ManageFooterTextTest -->
