<?xml version="1.0" encoding="UTF-8"?>
<!-- Generated by org.testng.reporters.JUnitReportReporter -->
<testsuite hostname="DESKTOP-IHTVDRQ" failures="0" tests="3" name="testscripts.CategoryTest" time="26.071" errors="0" timestamp="2025-02-21T11:01:25 IST" skipped="0">
  <testcase classname="testscripts.CategoryTest" name="validateUserCanChangeActiveCategoryStatus" time="7.890"/>
  <testcase classname="testscripts.CategoryTest" name="verifyCategoryIsDeleted" time="9.523"/>
  <testcase classname="testscripts.CategoryTest" name="verifyUserCanAddNewCategory" time="8.658"/>
</testsuite> <!-- testscripts.CategoryTest -->
