<?xml version="1.0" encoding="UTF-8"?>
<!-- Generated by org.testng.reporters.JUnitReportReporter -->
<testsuite hostname="DESKTOP-IHTVDRQ" failures="0" tests="3" name="testscripts.AdminUserTest" time="30.441" errors="0" timestamp="2025-02-23T11:28:11 IST" skipped="0">
  <testcase classname="testscripts.AdminUserTest" name="verifyUserCanChangeStatusOfAdminDetails" time="9.713"/>
  <testcase classname="testscripts.AdminUserTest" name="verifyUserCanSearchAdminUserInfo" time="9.893"/>
  <testcase classname="testscripts.AdminUserTest" name="verifyUserCanAddNewAdminDetails" time="10.835"/>
</testsuite> <!-- testscripts.AdminUserTest -->
