<?xml version="1.0" encoding="UTF-8"?>
<!-- Generated by org.testng.reporters.JUnitReportReporter -->
<testsuite hostname="DESKTOP-IHTVDRQ" failures="0" tests="2" name="testscripts.ManageNewsTest" time="17.082" errors="0" timestamp="2025-02-20T14:00:24 IST" skipped="0">
  <testcase classname="testscripts.ManageNewsTest" name="verifyAdminUserCanManageAndEditNews" time="9.237"/>
  <testcase classname="testscripts.ManageNewsTest" name="verifyAdminUserCanAddNews" time="7.845"/>
</testsuite> <!-- testscripts.ManageNewsTest -->
