<?xml version="1.0" encoding="UTF-8"?>
<!-- Generated by org.testng.reporters.JUnitReportReporter -->
<testsuite hostname="DESKTOP-IHTVDRQ" failures="0" tests="1" name="testscripts.LoginTest" time="14.800" errors="0" timestamp="2025-02-20T14:00:24 IST" skipped="0">
  <testcase classname="testscripts.LoginTest" name="verifyUserLoginWithValidCredentials" time="14.800"/>
</testsuite> <!-- testscripts.LoginTest -->
