<?xml version="1.0" encoding="UTF-8"?>
<!-- Generated by org.testng.reporters.JUnitReportReporter -->
<testsuite hostname="DESKTOP-IHTVDRQ" failures="0" tests="3" name="testscripts.SubCategoryTest" time="29.132" errors="0" timestamp="2025-02-20T14:00:24 IST" skipped="0">
  <testcase classname="testscripts.SubCategoryTest" name="verifySearchSubCategory" time="9.560"/>
  <testcase classname="testscripts.SubCategoryTest" name="verifySubCategoryIsDeleted" time="10.967"/>
  <testcase classname="testscripts.SubCategoryTest" name="verifyAddNewSubcategorywithValidDetails" time="8.605"/>
</testsuite> <!-- testscripts.SubCategoryTest -->
