<?xml version="1.0" encoding="UTF-8"?>
<!-- Generated by org.testng.reporters.JUnitReportReporter -->
<testsuite hostname="DESKTOP-IHTVDRQ" failures="0" tests="3" name="testscripts.SubCategoryTest" time="33.382" errors="0" timestamp="2025-02-18T23:43:06 IST" skipped="0">
  <testcase classname="testscripts.SubCategoryTest" name="verifySearchSubCategory" time="8.934"/>
  <testcase classname="testscripts.SubCategoryTest" name="verifySubCategoryIsDeleted" time="12.585"/>
  <testcase classname="testscripts.SubCategoryTest" name="verifyAddNewSubcategorywithValidDetails" time="11.863"/>
</testsuite> <!-- testscripts.SubCategoryTest -->
