<?xml version="1.0" encoding="UTF-8"?>
<!-- Generated by org.testng.reporters.JUnitReportReporter -->
<testsuite hostname="DESKTOP-IHTVDRQ" failures="0" tests="2" name="testscripts.ManageNewsTest" time="19.221" errors="0" timestamp="2025-02-23T11:28:11 IST" skipped="0">
  <testcase classname="testscripts.ManageNewsTest" name="verifyAdminUserCanManageAndEditNews" time="9.159"/>
  <testcase classname="testscripts.ManageNewsTest" name="verifyAdminUserCanAddNews" time="10.062"/>
</testsuite> <!-- testscripts.ManageNewsTest -->
