<?xml version="1.0" encoding="UTF-8"?>
<!-- Generated by org.testng.reporters.JUnitReportReporter -->
<testsuite hostname="DESKTOP-IHTVDRQ" failures="0" tests="3" name="testscripts.CategoryTest" time="28.431" errors="0" timestamp="2025-02-23T11:28:11 IST" skipped="0">
  <testcase classname="testscripts.CategoryTest" name="verifyCategoryIsDeleted" time="10.248"/>
  <testcase classname="testscripts.CategoryTest" name="verifyUserCanAddNewCategory" time="8.100"/>
  <testcase classname="testscripts.CategoryTest" name="validateUserCanChangeActiveCategoryStatus" time="10.083"/>
</testsuite> <!-- testscripts.CategoryTest -->
